<?xml version="1.0" encoding="UTF-8"?>
<coverage generated="1788594586940" clover="3.2.0">
  <project timestamp="1788594586940" name="All files">
    <metrics statements="262" coveredstatements="227" conditionals="123" coveredconditionals="83" methods="34" coveredmethods="28" elements="419" coveredelements="338" complexity="0" loc="262" ncloc="262" packages="6" files="10" classes="10"/>
    <package name="core.state">
      <metrics statements="50" coveredstatements="25" conditionals="35" coveredconditionals="9" methods="8" coveredmethods="5"/>
      <file name="projectReducer.ts" path="C:\Users\ASUS\.gemini\antigravity-ide\scratch\project-prometheus\src\core\state\projectReducer.ts">
        <metrics statements="50" coveredstatements="25" conditionals="35" coveredconditionals="9" methods="8" coveredmethods="5"/>
        <line num="17" count="1" type="stmt"/>
        <line num="18" count="1" type="stmt"/>
        <line num="19" count="1" type="stmt"/>
        <line num="20" count="1" type="stmt"/>
        <line num="21" count="1" type="stmt"/>
        <line num="22" count="1" type="stmt"/>
        <line num="75" count="1" type="stmt"/>
        <line num="83" count="6" type="stmt"/>
        <line num="84" count="6" type="stmt"/>
        <line num="85" count="6" type="stmt"/>
        <line num="86" count="24" type="stmt"/>
        <line num="87" count="72" type="stmt"/>
        <line num="90" count="6" type="stmt"/>
        <line num="106" count="0" type="stmt"/>
        <line num="107" count="0" type="stmt"/>
        <line num="108" count="0" type="cond" truecount="0" falsecount="2"/>
        <line num="109" count="0" type="stmt"/>
        <line num="110" count="0" type="cond" truecount="0" falsecount="5"/>
        <line num="111" count="0" type="stmt"/>
        <line num="117" count="0" type="stmt"/>
        <line num="131" count="7" type="cond" truecount="1" falsecount="13"/>
        <line num="133" count="0" type="stmt"/>
        <line num="136" count="0" type="stmt"/>
        <line num="139" count="0" type="stmt"/>
        <line num="142" count="0" type="stmt"/>
        <line num="145" count="7" type="cond" truecount="2" falsecount="0"/>
        <line num="146" count="6" type="stmt"/>
        <line num="147" count="6" type="stmt"/>
        <line num="148" count="24" type="stmt"/>
        <line num="152" count="72" type="cond" truecount="2" falsecount="0"/>
        <line num="157" count="72" type="cond" truecount="2" falsecount="0"/>
        <line num="158" count="9" type="stmt"/>
        <line num="160" count="72" type="stmt"/>
        <line num="164" count="6" type="stmt"/>
        <line num="169" count="6" type="stmt"/>
        <line num="170" count="6" type="stmt"/>
        <line num="174" count="0" type="cond" truecount="0" falsecount="2"/>
        <line num="175" count="0" type="stmt"/>
        <line num="176" count="0" type="stmt"/>
        <line num="181" count="0" type="cond" truecount="0" falsecount="2"/>
        <line num="188" count="0" type="stmt"/>
        <line num="191" count="0" type="stmt"/>
        <line num="194" count="0" type="stmt"/>
        <line num="197" count="0" type="stmt"/>
        <line num="200" count="0" type="stmt"/>
        <line num="203" count="0" type="stmt"/>
        <line num="206" count="0" type="stmt"/>
        <line num="218" count="0" type="stmt"/>
        <line num="229" count="0" type="cond" truecount="0" falsecount="2"/>
        <line num="230" count="0" type="stmt"/>
      </file>
    </package>
    <package name="domain.contracts">
      <metrics statements="72" coveredstatements="72" conditionals="2" coveredconditionals="2" methods="10" coveredmethods="10"/>
      <file name="blueprint.contract.ts" path="C:\Users\ASUS\.gemini\antigravity-ide\scratch\project-prometheus\src\domain\contracts\blueprint.contract.ts">
        <metrics statements="10" coveredstatements="10" conditionals="0" coveredconditionals="0" methods="2" coveredmethods="2"/>
        <line num="12" count="2" type="stmt"/>
        <line num="13" count="2" type="stmt"/>
        <line num="14" count="2" type="stmt"/>
        <line num="15" count="2" type="stmt"/>
        <line num="16" count="2" type="stmt"/>
        <line num="17" count="2" type="stmt"/>
        <line num="37" count="2" type="stmt"/>
        <line num="38" count="2" type="stmt"/>
        <line num="39" count="2" type="stmt"/>
        <line num="40" count="2" type="stmt"/>
      </file>
      <file name="roadmap.contract.ts" path="C:\Users\ASUS\.gemini\antigravity-ide\scratch\project-prometheus\src\domain\contracts\roadmap.contract.ts">
        <metrics statements="12" coveredstatements="12" conditionals="2" coveredconditionals="2" methods="3" coveredmethods="3"/>
        <line num="12" count="2" type="stmt"/>
        <line num="13" count="2" type="stmt"/>
        <line num="14" count="2" type="stmt"/>
        <line num="15" count="2" type="stmt"/>
        <line num="16" count="2" type="stmt"/>
        <line num="22" count="2" type="stmt"/>
        <line num="23" count="2" type="stmt"/>
        <line num="24" count="2" type="stmt"/>
        <line num="25" count="2" type="stmt"/>
        <line num="84" count="8" type="cond" truecount="2" falsecount="0"/>
        <line num="85" count="2" type="stmt"/>
        <line num="87" count="6" type="stmt"/>
      </file>
      <file name="student.contract.ts" path="C:\Users\ASUS\.gemini\antigravity-ide\scratch\project-prometheus\src\domain\contracts\student.contract.ts">
        <metrics statements="50" coveredstatements="50" conditionals="0" coveredconditionals="0" methods="5" coveredmethods="5"/>
        <line num="13" count="1" type="stmt"/>
        <line num="14" count="1" type="stmt"/>
        <line num="15" count="1" type="stmt"/>
        <line num="16" count="1" type="stmt"/>
        <line num="17" count="1" type="stmt"/>
        <line num="18" count="1" type="stmt"/>
        <line num="19" count="1" type="stmt"/>
        <line num="20" count="1" type="stmt"/>
        <line num="21" count="1" type="stmt"/>
        <line num="22" count="1" type="stmt"/>
        <line num="23" count="1" type="stmt"/>
        <line num="24" count="1" type="stmt"/>
        <line num="25" count="1" type="stmt"/>
        <line num="26" count="1" type="stmt"/>
        <line num="27" count="1" type="stmt"/>
        <line num="28" count="1" type="stmt"/>
        <line num="29" count="1" type="stmt"/>
        <line num="30" count="1" type="stmt"/>
        <line num="31" count="1" type="stmt"/>
        <line num="32" count="1" type="stmt"/>
        <line num="33" count="1" type="stmt"/>
        <line num="34" count="1" type="stmt"/>
        <line num="35" count="1" type="stmt"/>
        <line num="36" count="1" type="stmt"/>
        <line num="37" count="1" type="stmt"/>
        <line num="44" count="1" type="stmt"/>
        <line num="45" count="1" type="stmt"/>
        <line num="46" count="1" type="stmt"/>
        <line num="47" count="1" type="stmt"/>
        <line num="48" count="1" type="stmt"/>
        <line num="67" count="1" type="stmt"/>
        <line num="68" count="1" type="stmt"/>
        <line num="69" count="1" type="stmt"/>
        <line num="70" count="1" type="stmt"/>
        <line num="71" count="1" type="stmt"/>
        <line num="72" count="1" type="stmt"/>
        <line num="73" count="1" type="stmt"/>
        <line num="74" count="1" type="stmt"/>
        <line num="75" count="1" type="stmt"/>
        <line num="76" count="1" type="stmt"/>
        <line num="77" count="1" type="stmt"/>
        <line num="84" count="1" type="stmt"/>
        <line num="85" count="1" type="stmt"/>
        <line num="86" count="1" type="stmt"/>
        <line num="87" count="1" type="stmt"/>
        <line num="88" count="1" type="stmt"/>
        <line num="95" count="1" type="stmt"/>
        <line num="97" count="1" type="stmt"/>
        <line num="99" count="1" type="stmt"/>
        <line num="101" count="1" type="stmt"/>
      </file>
    </package>
    <package name="infrastructure.ai">
      <metrics statements="43" coveredstatements="43" conditionals="42" coveredconditionals="36" methods="5" coveredmethods="5"/>
      <file name="deterministicFallback.ts" path="C:\Users\ASUS\.gemini\antigravity-ide\scratch\project-prometheus\src\infrastructure\ai\deterministicFallback.ts">
        <metrics statements="43" coveredstatements="43" conditionals="42" coveredconditionals="36" methods="5" coveredmethods="5"/>
        <line num="23" count="1" type="stmt"/>
        <line num="54" count="1" type="stmt"/>
        <line num="110" count="1" type="stmt"/>
        <line num="126" count="1" type="stmt"/>
        <line num="150" count="10" type="stmt"/>
        <line num="165" count="10" type="stmt"/>
        <line num="166" count="10" type="stmt"/>
        <line num="174" count="10" type="cond" truecount="2" falsecount="0"/>
        <line num="175" count="14" type="cond" truecount="1" falsecount="1"/>
        <line num="179" count="10" type="cond" truecount="2" falsecount="0"/>
        <line num="185" count="10" type="stmt"/>
        <line num="186" count="10" type="stmt"/>
        <line num="188" count="10" type="stmt"/>
        <line num="208" count="10" type="cond" truecount="1" falsecount="1"/>
        <line num="209" count="10" type="cond" truecount="2" falsecount="0"/>
        <line num="212" count="10" type="cond" truecount="1" falsecount="1"/>
        <line num="213" count="10" type="stmt"/>
        <line num="214" count="10" type="stmt"/>
        <line num="217" count="10" type="cond" truecount="1" falsecount="1"/>
        <line num="218" count="10" type="cond" truecount="2" falsecount="0"/>
        <line num="219" count="14" type="stmt"/>
        <line num="221" count="10" type="stmt"/>
        <line num="224" count="10" type="stmt"/>
        <line num="225" count="10" type="stmt"/>
        <line num="227" count="10" type="stmt"/>
        <line num="228" count="14" type="stmt"/>
        <line num="229" count="14" type="cond" truecount="3" falsecount="1"/>
        <line num="230" count="14" type="stmt"/>
        <line num="231" count="14" type="stmt"/>
        <line num="236" count="10" type="cond" truecount="1" falsecount="1"/>
        <line num="237" count="10" type="stmt"/>
        <line num="239" count="10" type="cond" truecount="2" falsecount="0"/>
        <line num="240" count="8" type="stmt"/>
        <line num="242" count="10" type="cond" truecount="2" falsecount="0"/>
        <line num="243" count="6" type="stmt"/>
        <line num="245" count="10" type="cond" truecount="2" falsecount="0"/>
        <line num="246" count="3" type="stmt"/>
        <line num="250" count="10" type="cond" truecount="2" falsecount="0"/>
        <line num="254" count="10" type="cond" truecount="2" falsecount="0"/>
        <line num="260" count="10" type="stmt"/>
        <line num="263" count="10" type="stmt"/>
        <line num="269" count="10" type="stmt"/>
        <line num="271" count="10" type="stmt"/>
      </file>
    </package>
    <package name="infrastructure.serialization">
      <metrics statements="68" coveredstatements="60" conditionals="6" coveredconditionals="6" methods="3" coveredmethods="2"/>
      <file name="ieeeMarkdownExporter.ts" path="C:\Users\ASUS\.gemini\antigravity-ide\scratch\project-prometheus\src\infrastructure\serialization\ieeeMarkdownExporter.ts">
        <metrics statements="68" coveredstatements="60" conditionals="6" coveredconditionals="6" methods="3" coveredmethods="2"/>
        <line num="31" count="13" type="stmt"/>
        <line num="37" count="13" type="stmt"/>
        <line num="40" count="13" type="stmt"/>
        <line num="41" count="13" type="stmt"/>
        <line num="42" count="13" type="cond" truecount="2" falsecount="0"/>
        <line num="43" count="13" type="stmt"/>
        <line num="44" count="13" type="stmt"/>
        <line num="45" count="13" type="stmt"/>
        <line num="46" count="13" type="stmt"/>
        <line num="47" count="13" type="stmt"/>
        <line num="48" count="13" type="stmt"/>
        <line num="49" count="13" type="stmt"/>
        <line num="50" count="13" type="stmt"/>
        <line num="53" count="13" type="stmt"/>
        <line num="54" count="13" type="stmt"/>
        <line num="55" count="13" type="stmt"/>
        <line num="56" count="13" type="stmt"/>
        <line num="59" count="52" type="stmt"/>
        <line num="60" count="13" type="stmt"/>
        <line num="61" count="13" type="stmt"/>
        <line num="62" count="13" type="stmt"/>
        <line num="65" count="13" type="stmt"/>
        <line num="66" count="13" type="stmt"/>
        <line num="67" count="13" type="stmt"/>
        <line num="68" count="13" type="stmt"/>
        <line num="69" count="13" type="stmt"/>
        <line num="70" count="13" type="stmt"/>
        <line num="71" count="13" type="stmt"/>
        <line num="72" count="52" type="stmt"/>
        <line num="74" count="13" type="stmt"/>
        <line num="77" count="13" type="stmt"/>
        <line num="78" count="13" type="stmt"/>
        <line num="79" count="13" type="stmt"/>
        <line num="80" count="26" type="stmt"/>
        <line num="81" count="26" type="stmt"/>
        <line num="82" count="26" type="stmt"/>
        <line num="83" count="26" type="stmt"/>
        <line num="87" count="13" type="stmt"/>
        <line num="88" count="13" type="stmt"/>
        <line num="89" count="13" type="stmt"/>
        <line num="90" count="13" type="stmt"/>
        <line num="92" count="13" type="stmt"/>
        <line num="95" count="13" type="cond" truecount="2" falsecount="0"/>
        <line num="96" count="1" type="stmt"/>
        <line num="97" count="1" type="stmt"/>
        <line num="98" count="1" type="stmt"/>
        <line num="102" count="1" type="stmt"/>
        <line num="103" count="1" type="stmt"/>
        <line num="104" count="1" type="stmt"/>
        <line num="105" count="1" type="stmt"/>
        <line num="106" count="1" type="stmt"/>
        <line num="107" count="1" type="stmt"/>
        <line num="108" count="2" type="cond" truecount="2" falsecount="0"/>
        <line num="109" count="2" type="stmt"/>
        <line num="111" count="1" type="stmt"/>
        <line num="116" count="13" type="stmt"/>
        <line num="117" count="13" type="stmt"/>
        <line num="118" count="13" type="stmt"/>
        <line num="119" count="13" type="stmt"/>
        <line num="121" count="13" type="stmt"/>
        <line num="144" count="0" type="stmt"/>
        <line num="146" count="0" type="stmt"/>
        <line num="147" count="0" type="stmt"/>
        <line num="148" count="0" type="stmt"/>
        <line num="149" count="0" type="stmt"/>
        <line num="150" count="0" type="stmt"/>
        <line num="151" count="0" type="stmt"/>
        <line num="152" count="0" type="stmt"/>
      </file>
    </package>
    <package name="presentation.design-system">
      <metrics statements="17" coveredstatements="17" conditionals="30" coveredconditionals="25" methods="5" coveredmethods="3"/>
      <file name="CyberAction.tsx" path="C:\Users\ASUS\.gemini\antigravity-ide\scratch\project-prometheus\src\presentation\design-system\CyberAction.tsx">
        <metrics statements="8" coveredstatements="8" conditionals="20" coveredconditionals="18" methods="3" coveredmethods="1"/>
        <line num="44" count="1" type="stmt"/>
        <line num="131" count="6" type="stmt"/>
        <line num="133" count="6" type="stmt"/>
        <line num="134" count="6" type="stmt"/>
        <line num="136" count="6" type="stmt"/>
        <line num="139" count="6" type="cond" truecount="4" falsecount="0"/>
        <line num="147" count="6" type="stmt"/>
        <line num="167" count="6" type="stmt"/>
      </file>
      <file name="MetricsBadge.tsx" path="C:\Users\ASUS\.gemini\antigravity-ide\scratch\project-prometheus\src\presentation\design-system\MetricsBadge.tsx">
        <metrics statements="6" coveredstatements="6" conditionals="8" coveredconditionals="5" methods="1" coveredmethods="1"/>
        <line num="31" count="1" type="stmt"/>
        <line num="46" count="1" type="stmt"/>
        <line num="48" count="1" type="stmt"/>
        <line num="62" count="1" type="stmt"/>
        <line num="71" count="1" type="stmt"/>
        <line num="77" count="1" type="stmt"/>
      </file>
      <file name="SurfaceCard.tsx" path="C:\Users\ASUS\.gemini\antigravity-ide\scratch\project-prometheus\src\presentation\design-system\SurfaceCard.tsx">
        <metrics statements="3" coveredstatements="3" conditionals="2" coveredconditionals="2" methods="1" coveredmethods="1"/>
        <line num="42" count="2" type="stmt"/>
        <line num="44" count="2" type="stmt"/>
        <line num="55" count="2" type="stmt"/>
      </file>
    </package>
    <package name="presentation.modules.synthesis">
      <metrics statements="12" coveredstatements="10" conditionals="8" coveredconditionals="5" methods="3" coveredmethods="3"/>
      <file name="FeasibilityGauge.tsx" path="C:\Users\ASUS\.gemini\antigravity-ide\scratch\project-prometheus\src\presentation\modules\synthesis\FeasibilityGauge.tsx">
        <metrics statements="12" coveredstatements="10" conditionals="8" coveredconditionals="5" methods="3" coveredmethods="3"/>
        <line num="30" count="2" type="cond" truecount="2" falsecount="0"/>
        <line num="31" count="1" type="cond" truecount="1" falsecount="1"/>
        <line num="32" count="0" type="cond" truecount="0" falsecount="2"/>
        <line num="33" count="0" type="stmt"/>
        <line num="48" count="2" type="stmt"/>
        <line num="49" count="2" type="stmt"/>
        <line num="51" count="2" type="stmt"/>
        <line num="52" count="2" type="stmt"/>
        <line num="53" count="2" type="stmt"/>
        <line num="54" count="2" type="stmt"/>
        <line num="55" count="2" type="stmt"/>
        <line num="57" count="2" type="stmt"/>
      </file>
    </package>
  </project>
</coverage>
