{"C:\\Users\\ASUS\\.gemini\\antigravity-ide\\scratch\\project-prometheus\\src\\core\\state\\projectReducer.ts": {"path":"C:\\Users\\ASUS\\.gemini\\antigravity-ide\\scratch\\project-prometheus\\src\\core\\state\\projectReducer.ts","statementMap":{"0":{"start":{"line":17,"column":7},"end":{"line":23,"column":null}},"1":{"start":{"line":18,"column":2},"end":{"line":18,"column":null}},"2":{"start":{"line":19,"column":2},"end":{"line":19,"column":null}},"3":{"start":{"line":20,"column":2},"end":{"line":20,"column":null}},"4":{"start":{"line":21,"column":2},"end":{"line":21,"column":null}},"5":{"start":{"line":22,"column":2},"end":{"line":22,"column":null}},"6":{"start":{"line":75,"column":28},"end":{"line":75,"column":null}},"7":{"start":{"line":83,"column":2},"end":{"line":96,"column":null}},"8":{"start":{"line":84,"column":60},"end":{"line":84,"column":null}},"9":{"start":{"line":85,"column":4},"end":{"line":89,"column":null}},"10":{"start":{"line":86,"column":6},"end":{"line":88,"column":null}},"11":{"start":{"line":87,"column":8},"end":{"line":87,"column":null}},"12":{"start":{"line":90,"column":4},"end":{"line":93,"column":null}},"13":{"start":{"line":106,"column":2},"end":{"line":116,"column":null}},"14":{"start":{"line":107,"column":19},"end":{"line":107,"column":null}},"15":{"start":{"line":108,"column":4},"end":{"line":113,"column":null}},"16":{"start":{"line":109,"column":21},"end":{"line":109,"column":null}},"17":{"start":{"line":110,"column":6},"end":{"line":112,"column":null}},"18":{"start":{"line":111,"column":8},"end":{"line":111,"column":null}},"19":{"start":{"line":117,"column":2},"end":{"line":117,"column":null}},"20":{"start":{"line":131,"column":2},"end":{"line":219,"column":null}},"21":{"start":{"line":133,"column":6},"end":{"line":133,"column":null}},"22":{"start":{"line":136,"column":6},"end":{"line":136,"column":null}},"23":{"start":{"line":139,"column":6},"end":{"line":139,"column":null}},"24":{"start":{"line":142,"column":6},"end":{"line":142,"column":null}},"25":{"start":{"line":145,"column":6},"end":{"line":145,"column":null}},"26":{"start":{"line":145,"column":26},"end":{"line":145,"column":null}},"27":{"start":{"line":146,"column":26},"end":{"line":146,"column":null}},"28":{"start":{"line":147,"column":27},"end":{"line":147,"column":null}},"29":{"start":{"line":148,"column":28},"end":{"line":162,"column":null}},"30":{"start":{"line":148,"column":65},"end":{"line":162,"column":8}},"31":{"start":{"line":152,"column":12},"end":{"line":156,"column":null}},"32":{"start":{"line":157,"column":10},"end":{"line":159,"column":null}},"33":{"start":{"line":158,"column":12},"end":{"line":158,"column":null}},"34":{"start":{"line":160,"column":10},"end":{"line":160,"column":null}},"35":{"start":{"line":164,"column":42},"end":{"line":168,"column":null}},"36":{"start":{"line":169,"column":6},"end":{"line":169,"column":null}},"37":{"start":{"line":170,"column":6},"end":{"line":170,"column":null}},"38":{"start":{"line":174,"column":6},"end":{"line":174,"column":null}},"39":{"start":{"line":174,"column":26},"end":{"line":174,"column":null}},"40":{"start":{"line":175,"column":25},"end":{"line":175,"column":null}},"41":{"start":{"line":176,"column":6},"end":{"line":184,"column":null}},"42":{"start":{"line":181,"column":12},"end":{"line":181,"column":null}},"43":{"start":{"line":188,"column":6},"end":{"line":188,"column":null}},"44":{"start":{"line":191,"column":6},"end":{"line":191,"column":null}},"45":{"start":{"line":194,"column":6},"end":{"line":194,"column":null}},"46":{"start":{"line":197,"column":6},"end":{"line":197,"column":null}},"47":{"start":{"line":200,"column":6},"end":{"line":200,"column":null}},"48":{"start":{"line":203,"column":6},"end":{"line":203,"column":null}},"49":{"start":{"line":206,"column":6},"end":{"line":215,"column":null}},"50":{"start":{"line":218,"column":6},"end":{"line":218,"column":null}},"51":{"start":{"line":229,"column":2},"end":{"line":229,"column":null}},"52":{"start":{"line":229,"column":16},"end":{"line":229,"column":null}},"53":{"start":{"line":230,"column":2},"end":{"line":230,"column":null}}},"fnMap":{"0":{"name":"(anonymous_0)","decl":{"start":{"line":17,"column":7},"end":{"line":17,"column":12}},"loc":{"start":{"line":17,"column":7},"end":{"line":23,"column":null}},"line":17},"1":{"name":"persistRoadmap","decl":{"start":{"line":82,"column":9},"end":{"line":82,"column":24}},"loc":{"start":{"line":82,"column":56},"end":{"line":97,"column":null}},"line":82},"2":{"name":"loadPersistedMilestones","decl":{"start":{"line":105,"column":16},"end":{"line":105,"column":40}},"loc":{"start":{"line":105,"column":98},"end":{"line":118,"column":null}},"line":105},"3":{"name":"projectReducer","decl":{"start":{"line":130,"column":16},"end":{"line":130,"column":31}},"loc":{"start":{"line":130,"column":77},"end":{"line":220,"column":null}},"line":130},"4":{"name":"(anonymous_4)","decl":{"start":{"line":148,"column":49},"end":{"line":148,"column":54}},"loc":{"start":{"line":148,"column":65},"end":{"line":162,"column":8}},"line":148},"5":{"name":"(anonymous_5)","decl":{"start":{"line":150,"column":37},"end":{"line":150,"column":42}},"loc":{"start":{"line":150,"column":48},"end":{"line":161,"column":9}},"line":150},"6":{"name":"(anonymous_6)","decl":{"start":{"line":180,"column":45},"end":{"line":180,"column":50}},"loc":{"start":{"line":181,"column":12},"end":{"line":181,"column":null}},"line":181},"7":{"name":"getCompletionPercentage","decl":{"start":{"line":228,"column":16},"end":{"line":228,"column":40}},"loc":{"start":{"line":228,"column":81},"end":{"line":231,"column":null}},"line":228}},"branchMap":{"0":{"loc":{"start":{"line":108,"column":4},"end":{"line":113,"column":null}},"type":"if","locations":[{"start":{"line":108,"column":4},"end":{"line":113,"column":null}},{"start":{},"end":{}}],"line":108},"1":{"loc":{"start":{"line":110,"column":6},"end":{"line":112,"column":null}},"type":"if","locations":[{"start":{"line":110,"column":6},"end":{"line":112,"column":null}},{"start":{},"end":{}}],"line":110},"2":{"loc":{"start":{"line":110,"column":10},"end":{"line":110,"column":83}},"type":"binary-expr","locations":[{"start":{"line":110,"column":10},"end":{"line":110,"column":40}},{"start":{"line":110,"column":40},"end":{"line":110,"column":59}},{"start":{"line":110,"column":59},"end":{"line":110,"column":83}}],"line":110},"3":{"loc":{"start":{"line":131,"column":2},"end":{"line":219,"column":null}},"type":"switch","locations":[{"start":{"line":132,"column":4},"end":{"line":133,"column":null}},{"start":{"line":135,"column":4},"end":{"line":136,"column":null}},{"start":{"line":138,"column":4},"end":{"line":139,"column":null}},{"start":{"line":141,"column":4},"end":{"line":142,"column":null}},{"start":{"line":144,"column":4},"end":{"line":171,"column":null}},{"start":{"line":173,"column":4},"end":{"line":185,"column":null}},{"start":{"line":187,"column":4},"end":{"line":188,"column":null}},{"start":{"line":190,"column":4},"end":{"line":191,"column":null}},{"start":{"line":193,"column":4},"end":{"line":194,"column":null}},{"start":{"line":196,"column":4},"end":{"line":197,"column":null}},{"start":{"line":199,"column":4},"end":{"line":200,"column":null}},{"start":{"line":202,"column":4},"end":{"line":203,"column":null}},{"start":{"line":205,"column":4},"end":{"line":215,"column":null}},{"start":{"line":217,"column":4},"end":{"line":218,"column":null}}],"line":131},"4":{"loc":{"start":{"line":145,"column":6},"end":{"line":145,"column":null}},"type":"if","locations":[{"start":{"line":145,"column":6},"end":{"line":145,"column":null}},{"start":{},"end":{}}],"line":145},"5":{"loc":{"start":{"line":152,"column":12},"end":{"line":156,"column":null}},"type":"cond-expr","locations":[{"start":{"line":153,"column":16},"end":{"line":155,"column":null}},{"start":{"line":156,"column":16},"end":{"line":156,"column":null}}],"line":152},"6":{"loc":{"start":{"line":153,"column":16},"end":{"line":155,"column":null}},"type":"cond-expr","locations":[{"start":{"line":154,"column":18},"end":{"line":154,"column":null}},{"start":{"line":155,"column":18},"end":{"line":155,"column":null}}],"line":153},"7":{"loc":{"start":{"line":157,"column":10},"end":{"line":159,"column":null}},"type":"if","locations":[{"start":{"line":157,"column":10},"end":{"line":159,"column":null}},{"start":{},"end":{}}],"line":157},"8":{"loc":{"start":{"line":174,"column":6},"end":{"line":174,"column":null}},"type":"if","locations":[{"start":{"line":174,"column":6},"end":{"line":174,"column":null}},{"start":{},"end":{}}],"line":174},"9":{"loc":{"start":{"line":181,"column":12},"end":{"line":181,"column":null}},"type":"cond-expr","locations":[{"start":{"line":181,"column":34},"end":{"line":181,"column":72}},{"start":{"line":181,"column":72},"end":{"line":181,"column":null}}],"line":181},"10":{"loc":{"start":{"line":229,"column":2},"end":{"line":229,"column":null}},"type":"if","locations":[{"start":{"line":229,"column":2},"end":{"line":229,"column":null}},{"start":{},"end":{}}],"line":229}},"s":{"0":1,"1":1,"2":1,"3":1,"4":1,"5":1,"6":1,"7":6,"8":6,"9":6,"10":24,"11":72,"12":6,"13":0,"14":0,"15":0,"16":0,"17":0,"18":0,"19":0,"20":7,"21":0,"22":0,"23":0,"24":0,"25":7,"26":1,"27":6,"28":6,"29":6,"30":24,"31":72,"32":72,"33":9,"34":72,"35":6,"36":6,"37":6,"38":0,"39":0,"40":0,"41":0,"42":0,"43":0,"44":0,"45":0,"46":0,"47":0,"48":0,"49":0,"50":0,"51":0,"52":0,"53":0},"f":{"0":1,"1":6,"2":0,"3":7,"4":24,"5":72,"6":0,"7":0},"b":{"0":[0,0],"1":[0,0],"2":[0,0,0],"3":[0,0,0,0,7,0,0,0,0,0,0,0,0,0],"4":[1,6],"5":[6,66],"6":[2,4],"7":[9,63],"8":[0,0],"9":[0,0],"10":[0,0]},"meta":{"lastBranch":11,"lastFunction":8,"lastStatement":54,"seen":{"s:17:7:23:Infinity":0,"f:17:7:17:12":0,"s:18:2:18:Infinity":1,"s:19:2:19:Infinity":2,"s:20:2:20:Infinity":3,"s:21:2:21:Infinity":4,"s:22:2:22:Infinity":5,"s:75:28:75:Infinity":6,"f:82:9:82:24":1,"s:83:2:96:Infinity":7,"s:84:60:84:Infinity":8,"s:85:4:89:Infinity":9,"s:86:6:88:Infinity":10,"s:87:8:87:Infinity":11,"s:90:4:93:Infinity":12,"f:105:16:105:40":2,"s:106:2:116:Infinity":13,"s:107:19:107:Infinity":14,"b:108:4:113:Infinity:undefined:undefined:undefined:undefined":0,"s:108:4:113:Infinity":15,"s:109:21:109:Infinity":16,"b:110:6:112:Infinity:undefined:undefined:undefined:undefined":1,"s:110:6:112:Infinity":17,"b:110:10:110:40:110:40:110:59:110:59:110:83":2,"s:111:8:111:Infinity":18,"s:117:2:117:Infinity":19,"f:130:16:130:31":3,"b:132:4:133:Infinity:135:4:136:Infinity:138:4:139:Infinity:141:4:142:Infinity:144:4:171:Infinity:173:4:185:Infinity:187:4:188:Infinity:190:4:191:Infinity:193:4:194:Infinity:196:4:197:Infinity:199:4:200:Infinity:202:4:203:Infinity:205:4:215:Infinity:217:4:218:Infinity":3,"s:131:2:219:Infinity":20,"s:133:6:133:Infinity":21,"s:136:6:136:Infinity":22,"s:139:6:139:Infinity":23,"s:142:6:142:Infinity":24,"b:145:6:145:Infinity:undefined:undefined:undefined:undefined":4,"s:145:6:145:Infinity":25,"s:145:26:145:Infinity":26,"s:146:26:146:Infinity":27,"s:147:27:147:Infinity":28,"s:148:28:162:Infinity":29,"f:148:49:148:54":4,"s:148:65:162:8":30,"f:150:37:150:42":5,"s:152:12:156:Infinity":31,"b:153:16:155:Infinity:156:16:156:Infinity":5,"b:154:18:154:Infinity:155:18:155:Infinity":6,"b:157:10:159:Infinity:undefined:undefined:undefined:undefined":7,"s:157:10:159:Infinity":32,"s:158:12:158:Infinity":33,"s:160:10:160:Infinity":34,"s:164:42:168:Infinity":35,"s:169:6:169:Infinity":36,"s:170:6:170:Infinity":37,"b:174:6:174:Infinity:undefined:undefined:undefined:undefined":8,"s:174:6:174:Infinity":38,"s:174:26:174:Infinity":39,"s:175:25:175:Infinity":40,"s:176:6:184:Infinity":41,"f:180:45:180:50":6,"s:181:12:181:Infinity":42,"b:181:34:181:72:181:72:181:Infinity":9,"s:188:6:188:Infinity":43,"s:191:6:191:Infinity":44,"s:194:6:194:Infinity":45,"s:197:6:197:Infinity":46,"s:200:6:200:Infinity":47,"s:203:6:203:Infinity":48,"s:206:6:215:Infinity":49,"s:218:6:218:Infinity":50,"f:228:16:228:40":7,"b:229:2:229:Infinity:undefined:undefined:undefined:undefined":10,"s:229:2:229:Infinity":51,"s:229:16:229:Infinity":52,"s:230:2:230:Infinity":53},"fnNames":{}}}
,"C:\\Users\\ASUS\\.gemini\\antigravity-ide\\scratch\\project-prometheus\\src\\domain\\contracts\\blueprint.contract.ts": {"path":"C:\\Users\\ASUS\\.gemini\\antigravity-ide\\scratch\\project-prometheus\\src\\domain\\contracts\\blueprint.contract.ts","statementMap":{"0":{"start":{"line":12,"column":7},"end":{"line":18,"column":null}},"1":{"start":{"line":13,"column":2},"end":{"line":13,"column":null}},"2":{"start":{"line":14,"column":2},"end":{"line":14,"column":null}},"3":{"start":{"line":15,"column":2},"end":{"line":15,"column":null}},"4":{"start":{"line":16,"column":2},"end":{"line":16,"column":null}},"5":{"start":{"line":17,"column":2},"end":{"line":17,"column":null}},"6":{"start":{"line":37,"column":7},"end":{"line":41,"column":null}},"7":{"start":{"line":38,"column":2},"end":{"line":38,"column":null}},"8":{"start":{"line":39,"column":2},"end":{"line":39,"column":null}},"9":{"start":{"line":40,"column":2},"end":{"line":40,"column":null}}},"fnMap":{"0":{"name":"(anonymous_0)","decl":{"start":{"line":12,"column":7},"end":{"line":12,"column":12}},"loc":{"start":{"line":12,"column":7},"end":{"line":18,"column":null}},"line":12},"1":{"name":"(anonymous_1)","decl":{"start":{"line":37,"column":7},"end":{"line":37,"column":12}},"loc":{"start":{"line":37,"column":7},"end":{"line":41,"column":null}},"line":37}},"branchMap":{},"s":{"0":2,"1":2,"2":2,"3":2,"4":2,"5":2,"6":2,"7":2,"8":2,"9":2},"f":{"0":2,"1":2},"b":{},"meta":{"lastBranch":0,"lastFunction":2,"lastStatement":10,"seen":{"s:12:7:18:Infinity":0,"f:12:7:12:12":0,"s:13:2:13:Infinity":1,"s:14:2:14:Infinity":2,"s:15:2:15:Infinity":3,"s:16:2:16:Infinity":4,"s:17:2:17:Infinity":5,"s:37:7:41:Infinity":6,"f:37:7:37:12":1,"s:38:2:38:Infinity":7,"s:39:2:39:Infinity":8,"s:40:2:40:Infinity":9},"fnNames":{}}}
,"C:\\Users\\ASUS\\.gemini\\antigravity-ide\\scratch\\project-prometheus\\src\\domain\\contracts\\roadmap.contract.ts": {"path":"C:\\Users\\ASUS\\.gemini\\antigravity-ide\\scratch\\project-prometheus\\src\\domain\\contracts\\roadmap.contract.ts","statementMap":{"0":{"start":{"line":12,"column":7},"end":{"line":17,"column":null}},"1":{"start":{"line":13,"column":2},"end":{"line":13,"column":null}},"2":{"start":{"line":14,"column":2},"end":{"line":14,"column":null}},"3":{"start":{"line":15,"column":2},"end":{"line":15,"column":null}},"4":{"start":{"line":16,"column":2},"end":{"line":16,"column":null}},"5":{"start":{"line":22,"column":7},"end":{"line":26,"column":null}},"6":{"start":{"line":23,"column":2},"end":{"line":23,"column":null}},"7":{"start":{"line":24,"column":2},"end":{"line":24,"column":null}},"8":{"start":{"line":25,"column":2},"end":{"line":25,"column":null}},"9":{"start":{"line":84,"column":2},"end":{"line":86,"column":null}},"10":{"start":{"line":85,"column":4},"end":{"line":85,"column":null}},"11":{"start":{"line":87,"column":2},"end":{"line":87,"column":null}}},"fnMap":{"0":{"name":"(anonymous_0)","decl":{"start":{"line":12,"column":7},"end":{"line":12,"column":12}},"loc":{"start":{"line":12,"column":7},"end":{"line":17,"column":null}},"line":12},"1":{"name":"(anonymous_1)","decl":{"start":{"line":22,"column":7},"end":{"line":22,"column":12}},"loc":{"start":{"line":22,"column":7},"end":{"line":26,"column":null}},"line":22},"2":{"name":"computeCompletionPercentage","decl":{"start":{"line":83,"column":16},"end":{"line":83,"column":44}},"loc":{"start":{"line":83,"column":86},"end":{"line":88,"column":null}},"line":83}},"branchMap":{"0":{"loc":{"start":{"line":84,"column":2},"end":{"line":86,"column":null}},"type":"if","locations":[{"start":{"line":84,"column":2},"end":{"line":86,"column":null}},{"start":{},"end":{}}],"line":84}},"s":{"0":2,"1":2,"2":2,"3":2,"4":2,"5":2,"6":2,"7":2,"8":2,"9":8,"10":2,"11":6},"f":{"0":2,"1":2,"2":8},"b":{"0":[2,6]},"meta":{"lastBranch":1,"lastFunction":3,"lastStatement":12,"seen":{"s:12:7:17:Infinity":0,"f:12:7:12:12":0,"s:13:2:13:Infinity":1,"s:14:2:14:Infinity":2,"s:15:2:15:Infinity":3,"s:16:2:16:Infinity":4,"s:22:7:26:Infinity":5,"f:22:7:22:12":1,"s:23:2:23:Infinity":6,"s:24:2:24:Infinity":7,"s:25:2:25:Infinity":8,"f:83:16:83:44":2,"b:84:2:86:Infinity:undefined:undefined:undefined:undefined":0,"s:84:2:86:Infinity":9,"s:85:4:85:Infinity":10,"s:87:2:87:Infinity":11},"fnNames":{}}}
,"C:\\Users\\ASUS\\.gemini\\antigravity-ide\\scratch\\project-prometheus\\src\\domain\\contracts\\student.contract.ts": {"path":"C:\\Users\\ASUS\\.gemini\\antigravity-ide\\scratch\\project-prometheus\\src\\domain\\contracts\\student.contract.ts","statementMap":{"0":{"start":{"line":13,"column":7},"end":{"line":38,"column":null}},"1":{"start":{"line":14,"column":2},"end":{"line":14,"column":null}},"2":{"start":{"line":15,"column":2},"end":{"line":15,"column":null}},"3":{"start":{"line":16,"column":2},"end":{"line":16,"column":null}},"4":{"start":{"line":17,"column":2},"end":{"line":17,"column":null}},"5":{"start":{"line":18,"column":2},"end":{"line":18,"column":null}},"6":{"start":{"line":19,"column":2},"end":{"line":19,"column":null}},"7":{"start":{"line":20,"column":2},"end":{"line":20,"column":null}},"8":{"start":{"line":21,"column":2},"end":{"line":21,"column":null}},"9":{"start":{"line":22,"column":2},"end":{"line":22,"column":null}},"10":{"start":{"line":23,"column":2},"end":{"line":23,"column":null}},"11":{"start":{"line":24,"column":2},"end":{"line":24,"column":null}},"12":{"start":{"line":25,"column":2},"end":{"line":25,"column":null}},"13":{"start":{"line":26,"column":2},"end":{"line":26,"column":null}},"14":{"start":{"line":27,"column":2},"end":{"line":27,"column":null}},"15":{"start":{"line":28,"column":2},"end":{"line":28,"column":null}},"16":{"start":{"line":29,"column":2},"end":{"line":29,"column":null}},"17":{"start":{"line":30,"column":2},"end":{"line":30,"column":null}},"18":{"start":{"line":31,"column":2},"end":{"line":31,"column":null}},"19":{"start":{"line":32,"column":2},"end":{"line":32,"column":null}},"20":{"start":{"line":33,"column":2},"end":{"line":33,"column":null}},"21":{"start":{"line":34,"column":2},"end":{"line":34,"column":null}},"22":{"start":{"line":35,"column":2},"end":{"line":35,"column":null}},"23":{"start":{"line":36,"column":2},"end":{"line":36,"column":null}},"24":{"start":{"line":37,"column":2},"end":{"line":37,"column":null}},"25":{"start":{"line":44,"column":7},"end":{"line":49,"column":null}},"26":{"start":{"line":45,"column":2},"end":{"line":45,"column":null}},"27":{"start":{"line":46,"column":2},"end":{"line":46,"column":null}},"28":{"start":{"line":47,"column":2},"end":{"line":47,"column":null}},"29":{"start":{"line":48,"column":2},"end":{"line":48,"column":null}},"30":{"start":{"line":67,"column":7},"end":{"line":78,"column":null}},"31":{"start":{"line":68,"column":2},"end":{"line":68,"column":null}},"32":{"start":{"line":69,"column":2},"end":{"line":69,"column":null}},"33":{"start":{"line":70,"column":2},"end":{"line":70,"column":null}},"34":{"start":{"line":71,"column":2},"end":{"line":71,"column":null}},"35":{"start":{"line":72,"column":2},"end":{"line":72,"column":null}},"36":{"start":{"line":73,"column":2},"end":{"line":73,"column":null}},"37":{"start":{"line":74,"column":2},"end":{"line":74,"column":null}},"38":{"start":{"line":75,"column":2},"end":{"line":75,"column":null}},"39":{"start":{"line":76,"column":2},"end":{"line":76,"column":null}},"40":{"start":{"line":77,"column":2},"end":{"line":77,"column":null}},"41":{"start":{"line":84,"column":7},"end":{"line":89,"column":null}},"42":{"start":{"line":85,"column":2},"end":{"line":85,"column":null}},"43":{"start":{"line":86,"column":2},"end":{"line":86,"column":null}},"44":{"start":{"line":87,"column":2},"end":{"line":87,"column":null}},"45":{"start":{"line":88,"column":2},"end":{"line":88,"column":null}},"46":{"start":{"line":95,"column":7},"end":{"line":102,"column":null}},"47":{"start":{"line":97,"column":2},"end":{"line":97,"column":null}},"48":{"start":{"line":99,"column":2},"end":{"line":99,"column":null}},"49":{"start":{"line":101,"column":2},"end":{"line":101,"column":null}}},"fnMap":{"0":{"name":"(anonymous_0)","decl":{"start":{"line":13,"column":7},"end":{"line":13,"column":12}},"loc":{"start":{"line":13,"column":7},"end":{"line":38,"column":null}},"line":13},"1":{"name":"(anonymous_1)","decl":{"start":{"line":44,"column":7},"end":{"line":44,"column":12}},"loc":{"start":{"line":44,"column":7},"end":{"line":49,"column":null}},"line":44},"2":{"name":"(anonymous_2)","decl":{"start":{"line":67,"column":7},"end":{"line":67,"column":12}},"loc":{"start":{"line":67,"column":7},"end":{"line":78,"column":null}},"line":67},"3":{"name":"(anonymous_3)","decl":{"start":{"line":84,"column":7},"end":{"line":84,"column":12}},"loc":{"start":{"line":84,"column":7},"end":{"line":89,"column":null}},"line":84},"4":{"name":"(anonymous_4)","decl":{"start":{"line":95,"column":7},"end":{"line":95,"column":12}},"loc":{"start":{"line":95,"column":7},"end":{"line":102,"column":null}},"line":95}},"branchMap":{},"s":{"0":1,"1":1,"2":1,"3":1,"4":1,"5":1,"6":1,"7":1,"8":1,"9":1,"10":1,"11":1,"12":1,"13":1,"14":1,"15":1,"16":1,"17":1,"18":1,"19":1,"20":1,"21":1,"22":1,"23":1,"24":1,"25":1,"26":1,"27":1,"28":1,"29":1,"30":1,"31":1,"32":1,"33":1,"34":1,"35":1,"36":1,"37":1,"38":1,"39":1,"40":1,"41":1,"42":1,"43":1,"44":1,"45":1,"46":1,"47":1,"48":1,"49":1},"f":{"0":1,"1":1,"2":1,"3":1,"4":1},"b":{},"meta":{"lastBranch":0,"lastFunction":5,"lastStatement":50,"seen":{"s:13:7:38:Infinity":0,"f:13:7:13:12":0,"s:14:2:14:Infinity":1,"s:15:2:15:Infinity":2,"s:16:2:16:Infinity":3,"s:17:2:17:Infinity":4,"s:18:2:18:Infinity":5,"s:19:2:19:Infinity":6,"s:20:2:20:Infinity":7,"s:21:2:21:Infinity":8,"s:22:2:22:Infinity":9,"s:23:2:23:Infinity":10,"s:24:2:24:Infinity":11,"s:25:2:25:Infinity":12,"s:26:2:26:Infinity":13,"s:27:2:27:Infinity":14,"s:28:2:28:Infinity":15,"s:29:2:29:Infinity":16,"s:30:2:30:Infinity":17,"s:31:2:31:Infinity":18,"s:32:2:32:Infinity":19,"s:33:2:33:Infinity":20,"s:34:2:34:Infinity":21,"s:35:2:35:Infinity":22,"s:36:2:36:Infinity":23,"s:37:2:37:Infinity":24,"s:44:7:49:Infinity":25,"f:44:7:44:12":1,"s:45:2:45:Infinity":26,"s:46:2:46:Infinity":27,"s:47:2:47:Infinity":28,"s:48:2:48:Infinity":29,"s:67:7:78:Infinity":30,"f:67:7:67:12":2,"s:68:2:68:Infinity":31,"s:69:2:69:Infinity":32,"s:70:2:70:Infinity":33,"s:71:2:71:Infinity":34,"s:72:2:72:Infinity":35,"s:73:2:73:Infinity":36,"s:74:2:74:Infinity":37,"s:75:2:75:Infinity":38,"s:76:2:76:Infinity":39,"s:77:2:77:Infinity":40,"s:84:7:89:Infinity":41,"f:84:7:84:12":3,"s:85:2:85:Infinity":42,"s:86:2:86:Infinity":43,"s:87:2:87:Infinity":44,"s:88:2:88:Infinity":45,"s:95:7:102:Infinity":46,"f:95:7:95:12":4,"s:97:2:97:Infinity":47,"s:99:2:99:Infinity":48,"s:101:2:101:Infinity":49},"fnNames":{}}}
,"C:\\Users\\ASUS\\.gemini\\antigravity-ide\\scratch\\project-prometheus\\src\\infrastructure\\ai\\deterministicFallback.ts": {"path":"C:\\Users\\ASUS\\.gemini\\antigravity-ide\\scratch\\project-prometheus\\src\\infrastructure\\ai\\deterministicFallback.ts","statementMap":{"0":{"start":{"line":23,"column":65},"end":{"line":48,"column":null}},"1":{"start":{"line":54,"column":80},"end":{"line":105,"column":null}},"2":{"start":{"line":110,"column":68},"end":{"line":121,"column":null}},"3":{"start":{"line":126,"column":78},"end":{"line":141,"column":null}},"4":{"start":{"line":150,"column":2},"end":{"line":155,"column":null}},"5":{"start":{"line":165,"column":21},"end":{"line":165,"column":null}},"6":{"start":{"line":166,"column":53},"end":{"line":171,"column":null}},"7":{"start":{"line":174,"column":4},"end":{"line":176,"column":null}},"8":{"start":{"line":175,"column":42},"end":{"line":175,"column":92}},"9":{"start":{"line":179,"column":4},"end":{"line":183,"column":null}},"10":{"start":{"line":185,"column":20},"end":{"line":185,"column":null}},"11":{"start":{"line":186,"column":8},"end":{"line":186,"column":null}},"12":{"start":{"line":188,"column":2},"end":{"line":188,"column":null}},"13":{"start":{"line":208,"column":24},"end":{"line":208,"column":null}},"14":{"start":{"line":209,"column":31},"end":{"line":209,"column":null}},"15":{"start":{"line":212,"column":20},"end":{"line":212,"column":null}},"16":{"start":{"line":213,"column":24},"end":{"line":213,"column":null}},"17":{"start":{"line":214,"column":16},"end":{"line":214,"column":null}},"18":{"start":{"line":217,"column":27},"end":{"line":217,"column":null}},"19":{"start":{"line":218,"column":21},"end":{"line":220,"column":null}},"20":{"start":{"line":219,"column":32},"end":{"line":219,"column":37}},"21":{"start":{"line":221,"column":19},"end":{"line":221,"column":null}},"22":{"start":{"line":224,"column":38},"end":{"line":224,"column":null}},"23":{"start":{"line":225,"column":20},"end":{"line":225,"column":null}},"24":{"start":{"line":227,"column":2},"end":{"line":233,"column":null}},"25":{"start":{"line":228,"column":18},"end":{"line":228,"column":null}},"26":{"start":{"line":229,"column":4},"end":{"line":232,"column":null}},"27":{"start":{"line":230,"column":6},"end":{"line":230,"column":null}},"28":{"start":{"line":231,"column":6},"end":{"line":231,"column":null}},"29":{"start":{"line":236,"column":2},"end":{"line":238,"column":null}},"30":{"start":{"line":237,"column":4},"end":{"line":237,"column":null}},"31":{"start":{"line":239,"column":2},"end":{"line":241,"column":null}},"32":{"start":{"line":240,"column":4},"end":{"line":240,"column":null}},"33":{"start":{"line":242,"column":2},"end":{"line":244,"column":null}},"34":{"start":{"line":243,"column":4},"end":{"line":243,"column":null}},"35":{"start":{"line":245,"column":2},"end":{"line":247,"column":null}},"36":{"start":{"line":246,"column":4},"end":{"line":246,"column":null}},"37":{"start":{"line":250,"column":19},"end":{"line":250,"column":null}},"38":{"start":{"line":254,"column":4},"end":{"line":258,"column":null}},"39":{"start":{"line":260,"column":27},"end":{"line":260,"column":null}},"40":{"start":{"line":263,"column":48},"end":{"line":267,"column":null}},"41":{"start":{"line":269,"column":13},"end":{"line":269,"column":null}},"42":{"start":{"line":271,"column":2},"end":{"line":283,"column":null}}},"fnMap":{"0":{"name":"slugify","decl":{"start":{"line":149,"column":9},"end":{"line":149,"column":17}},"loc":{"start":{"line":149,"column":40},"end":{"line":156,"column":null}},"line":149},"1":{"name":"computeFeasibility","decl":{"start":{"line":164,"column":9},"end":{"line":164,"column":28}},"loc":{"start":{"line":164,"column":61},"end":{"line":189,"column":null}},"line":164},"2":{"name":"(anonymous_2)","decl":{"start":{"line":175,"column":23},"end":{"line":175,"column":31}},"loc":{"start":{"line":175,"column":42},"end":{"line":175,"column":92}},"line":175},"3":{"name":"synthesizeProject","decl":{"start":{"line":207,"column":16},"end":{"line":207,"column":34}},"loc":{"start":{"line":207,"column":78},"end":{"line":284,"column":null}},"line":207},"4":{"name":"(anonymous_4)","decl":{"start":{"line":219,"column":21},"end":{"line":219,"column":26}},"loc":{"start":{"line":219,"column":32},"end":{"line":219,"column":37}},"line":219}},"branchMap":{"0":{"loc":{"start":{"line":174,"column":4},"end":{"line":176,"column":null}},"type":"cond-expr","locations":[{"start":{"line":175,"column":8},"end":{"line":175,"column":null}},{"start":{"line":176,"column":8},"end":{"line":176,"column":null}}],"line":174},"1":{"loc":{"start":{"line":175,"column":49},"end":{"line":175,"column":92}},"type":"binary-expr","locations":[{"start":{"line":175,"column":49},"end":{"line":175,"column":86}},{"start":{"line":175,"column":86},"end":{"line":175,"column":92}}],"line":175},"2":{"loc":{"start":{"line":179,"column":4},"end":{"line":183,"column":null}},"type":"cond-expr","locations":[{"start":{"line":180,"column":8},"end":{"line":180,"column":null}},{"start":{"line":181,"column":8},"end":{"line":183,"column":null}}],"line":179},"3":{"loc":{"start":{"line":181,"column":8},"end":{"line":183,"column":null}},"type":"cond-expr","locations":[{"start":{"line":182,"column":10},"end":{"line":182,"column":null}},{"start":{"line":183,"column":10},"end":{"line":183,"column":null}}],"line":181},"4":{"loc":{"start":{"line":208,"column":24},"end":{"line":208,"column":null}},"type":"binary-expr","locations":[{"start":{"line":208,"column":24},"end":{"line":208,"column":46}},{"start":{"line":208,"column":46},"end":{"line":208,"column":null}}],"line":208},"5":{"loc":{"start":{"line":209,"column":31},"end":{"line":209,"column":null}},"type":"binary-expr","locations":[{"start":{"line":209,"column":31},"end":{"line":209,"column":57}},{"start":{"line":209,"column":57},"end":{"line":209,"column":null}}],"line":209},"6":{"loc":{"start":{"line":212,"column":20},"end":{"line":212,"column":null}},"type":"binary-expr","locations":[{"start":{"line":212,"column":20},"end":{"line":212,"column":61}},{"start":{"line":212,"column":61},"end":{"line":212,"column":null}}],"line":212},"7":{"loc":{"start":{"line":217,"column":27},"end":{"line":217,"column":null}},"type":"binary-expr","locations":[{"start":{"line":217,"column":27},"end":{"line":217,"column":71}},{"start":{"line":217,"column":71},"end":{"line":217,"column":null}}],"line":217},"8":{"loc":{"start":{"line":218,"column":21},"end":{"line":220,"column":null}},"type":"cond-expr","locations":[{"start":{"line":219,"column":6},"end":{"line":219,"column":null}},{"start":{"line":220,"column":6},"end":{"line":220,"column":null}}],"line":218},"9":{"loc":{"start":{"line":229,"column":4},"end":{"line":232,"column":null}},"type":"if","locations":[{"start":{"line":229,"column":4},"end":{"line":232,"column":null}},{"start":{},"end":{}}],"line":229},"10":{"loc":{"start":{"line":229,"column":8},"end":{"line":229,"column":45}},"type":"binary-expr","locations":[{"start":{"line":229,"column":8},"end":{"line":229,"column":17}},{"start":{"line":229,"column":17},"end":{"line":229,"column":45}}],"line":229},"11":{"loc":{"start":{"line":236,"column":2},"end":{"line":238,"column":null}},"type":"if","locations":[{"start":{"line":236,"column":2},"end":{"line":238,"column":null}},{"start":{},"end":{}}],"line":236},"12":{"loc":{"start":{"line":239,"column":2},"end":{"line":241,"column":null}},"type":"if","locations":[{"start":{"line":239,"column":2},"end":{"line":241,"column":null}},{"start":{},"end":{}}],"line":239},"13":{"loc":{"start":{"line":242,"column":2},"end":{"line":244,"column":null}},"type":"if","locations":[{"start":{"line":242,"column":2},"end":{"line":244,"column":null}},{"start":{},"end":{}}],"line":242},"14":{"loc":{"start":{"line":245,"column":2},"end":{"line":247,"column":null}},"type":"if","locations":[{"start":{"line":245,"column":2},"end":{"line":247,"column":null}},{"start":{},"end":{}}],"line":245},"15":{"loc":{"start":{"line":250,"column":19},"end":{"line":250,"column":null}},"type":"binary-expr","locations":[{"start":{"line":250,"column":19},"end":{"line":250,"column":53}},{"start":{"line":250,"column":53},"end":{"line":250,"column":null}}],"line":250},"16":{"loc":{"start":{"line":254,"column":4},"end":{"line":258,"column":null}},"type":"cond-expr","locations":[{"start":{"line":255,"column":8},"end":{"line":255,"column":null}},{"start":{"line":256,"column":8},"end":{"line":258,"column":null}}],"line":254},"17":{"loc":{"start":{"line":256,"column":8},"end":{"line":258,"column":null}},"type":"cond-expr","locations":[{"start":{"line":257,"column":10},"end":{"line":257,"column":null}},{"start":{"line":258,"column":10},"end":{"line":258,"column":null}}],"line":256},"18":{"loc":{"start":{"line":282,"column":20},"end":{"line":282,"column":null}},"type":"cond-expr","locations":[{"start":{"line":282,"column":54},"end":{"line":282,"column":58}},{"start":{"line":282,"column":58},"end":{"line":282,"column":null}}],"line":282},"19":{"loc":{"start":{"line":282,"column":58},"end":{"line":282,"column":null}},"type":"cond-expr","locations":[{"start":{"line":282,"column":92},"end":{"line":282,"column":96}},{"start":{"line":282,"column":96},"end":{"line":282,"column":null}}],"line":282},"20":{"loc":{"start":{"line":282,"column":96},"end":{"line":282,"column":null}},"type":"cond-expr","locations":[{"start":{"line":282,"column":131},"end":{"line":282,"column":136}},{"start":{"line":282,"column":136},"end":{"line":282,"column":null}}],"line":282}},"s":{"0":1,"1":1,"2":1,"3":1,"4":10,"5":10,"6":10,"7":10,"8":14,"9":10,"10":10,"11":10,"12":10,"13":10,"14":10,"15":10,"16":10,"17":10,"18":10,"19":10,"20":14,"21":10,"22":10,"23":10,"24":10,"25":14,"26":14,"27":14,"28":14,"29":10,"30":10,"31":10,"32":8,"33":10,"34":6,"35":10,"36":3,"37":10,"38":10,"39":10,"40":10,"41":10,"42":10},"f":{"0":10,"1":10,"2":14,"3":10,"4":14},"b":{"0":[9,1],"1":[14,0],"2":[2,8],"3":[4,4],"4":[10,0],"5":[10,1],"6":[10,0],"7":[10,0],"8":[9,1],"9":[14,0],"10":[14,14],"11":[10,0],"12":[8,2],"13":[6,4],"14":[3,7],"15":[10,8],"16":[2,8],"17":[4,4],"18":[1,9],"19":[1,8],"20":[2,6]},"meta":{"lastBranch":21,"lastFunction":5,"lastStatement":43,"seen":{"s:23:65:48:Infinity":0,"s:54:80:105:Infinity":1,"s:110:68:121:Infinity":2,"s:126:78:141:Infinity":3,"f:149:9:149:17":0,"s:150:2:155:Infinity":4,"f:164:9:164:28":1,"s:165:21:165:Infinity":5,"s:166:53:171:Infinity":6,"s:174:4:176:Infinity":7,"b:175:8:175:Infinity:176:8:176:Infinity":0,"f:175:23:175:31":2,"s:175:42:175:92":8,"b:175:49:175:86:175:86:175:92":1,"s:179:4:183:Infinity":9,"b:180:8:180:Infinity:181:8:183:Infinity":2,"b:182:10:182:Infinity:183:10:183:Infinity":3,"s:185:20:185:Infinity":10,"s:186:8:186:Infinity":11,"s:188:2:188:Infinity":12,"f:207:16:207:34":3,"s:208:24:208:Infinity":13,"b:208:24:208:46:208:46:208:Infinity":4,"s:209:31:209:Infinity":14,"b:209:31:209:57:209:57:209:Infinity":5,"s:212:20:212:Infinity":15,"b:212:20:212:61:212:61:212:Infinity":6,"s:213:24:213:Infinity":16,"s:214:16:214:Infinity":17,"s:217:27:217:Infinity":18,"b:217:27:217:71:217:71:217:Infinity":7,"s:218:21:220:Infinity":19,"b:219:6:219:Infinity:220:6:220:Infinity":8,"f:219:21:219:26":4,"s:219:32:219:37":20,"s:221:19:221:Infinity":21,"s:224:38:224:Infinity":22,"s:225:20:225:Infinity":23,"s:227:2:233:Infinity":24,"s:228:18:228:Infinity":25,"b:229:4:232:Infinity:undefined:undefined:undefined:undefined":9,"s:229:4:232:Infinity":26,"b:229:8:229:17:229:17:229:45":10,"s:230:6:230:Infinity":27,"s:231:6:231:Infinity":28,"b:236:2:238:Infinity:undefined:undefined:undefined:undefined":11,"s:236:2:238:Infinity":29,"s:237:4:237:Infinity":30,"b:239:2:241:Infinity:undefined:undefined:undefined:undefined":12,"s:239:2:241:Infinity":31,"s:240:4:240:Infinity":32,"b:242:2:244:Infinity:undefined:undefined:undefined:undefined":13,"s:242:2:244:Infinity":33,"s:243:4:243:Infinity":34,"b:245:2:247:Infinity:undefined:undefined:undefined:undefined":14,"s:245:2:247:Infinity":35,"s:246:4:246:Infinity":36,"s:250:19:250:Infinity":37,"b:250:19:250:53:250:53:250:Infinity":15,"s:254:4:258:Infinity":38,"b:255:8:255:Infinity:256:8:258:Infinity":16,"b:257:10:257:Infinity:258:10:258:Infinity":17,"s:260:27:260:Infinity":39,"s:263:48:267:Infinity":40,"s:269:13:269:Infinity":41,"s:271:2:283:Infinity":42,"b:282:54:282:58:282:58:282:Infinity":18,"b:282:92:282:96:282:96:282:Infinity":19,"b:282:131:282:136:282:136:282:Infinity":20},"fnNames":{}}}
,"C:\\Users\\ASUS\\.gemini\\antigravity-ide\\scratch\\project-prometheus\\src\\infrastructure\\serialization\\ieeeMarkdownExporter.ts": {"path":"C:\\Users\\ASUS\\.gemini\\antigravity-ide\\scratch\\project-prometheus\\src\\infrastructure\\serialization\\ieeeMarkdownExporter.ts","statementMap":{"0":{"start":{"line":31,"column":15},"end":{"line":35,"column":null}},"1":{"start":{"line":37,"column":29},"end":{"line":37,"column":null}},"2":{"start":{"line":40,"column":2},"end":{"line":40,"column":null}},"3":{"start":{"line":41,"column":2},"end":{"line":41,"column":null}},"4":{"start":{"line":42,"column":2},"end":{"line":42,"column":null}},"5":{"start":{"line":43,"column":2},"end":{"line":43,"column":null}},"6":{"start":{"line":44,"column":2},"end":{"line":44,"column":null}},"7":{"start":{"line":45,"column":2},"end":{"line":45,"column":null}},"8":{"start":{"line":46,"column":2},"end":{"line":46,"column":null}},"9":{"start":{"line":47,"column":2},"end":{"line":47,"column":null}},"10":{"start":{"line":48,"column":2},"end":{"line":48,"column":null}},"11":{"start":{"line":49,"column":2},"end":{"line":49,"column":null}},"12":{"start":{"line":50,"column":2},"end":{"line":50,"column":null}},"13":{"start":{"line":53,"column":2},"end":{"line":53,"column":null}},"14":{"start":{"line":54,"column":2},"end":{"line":54,"column":null}},"15":{"start":{"line":55,"column":2},"end":{"line":55,"column":null}},"16":{"start":{"line":56,"column":2},"end":{"line":56,"column":null}},"17":{"start":{"line":59,"column":2},"end":{"line":59,"column":null}},"18":{"start":{"line":59,"column":66},"end":{"line":59,"column":72}},"19":{"start":{"line":60,"column":2},"end":{"line":60,"column":null}},"20":{"start":{"line":61,"column":2},"end":{"line":61,"column":null}},"21":{"start":{"line":62,"column":2},"end":{"line":62,"column":null}},"22":{"start":{"line":65,"column":2},"end":{"line":65,"column":null}},"23":{"start":{"line":66,"column":2},"end":{"line":66,"column":null}},"24":{"start":{"line":67,"column":2},"end":{"line":67,"column":null}},"25":{"start":{"line":68,"column":2},"end":{"line":68,"column":null}},"26":{"start":{"line":69,"column":2},"end":{"line":69,"column":null}},"27":{"start":{"line":70,"column":2},"end":{"line":70,"column":null}},"28":{"start":{"line":71,"column":2},"end":{"line":73,"column":null}},"29":{"start":{"line":72,"column":4},"end":{"line":72,"column":null}},"30":{"start":{"line":74,"column":2},"end":{"line":74,"column":null}},"31":{"start":{"line":77,"column":2},"end":{"line":77,"column":null}},"32":{"start":{"line":78,"column":2},"end":{"line":78,"column":null}},"33":{"start":{"line":79,"column":2},"end":{"line":84,"column":null}},"34":{"start":{"line":80,"column":4},"end":{"line":80,"column":null}},"35":{"start":{"line":81,"column":4},"end":{"line":81,"column":null}},"36":{"start":{"line":82,"column":4},"end":{"line":82,"column":null}},"37":{"start":{"line":83,"column":4},"end":{"line":83,"column":null}},"38":{"start":{"line":87,"column":2},"end":{"line":87,"column":null}},"39":{"start":{"line":88,"column":2},"end":{"line":88,"column":null}},"40":{"start":{"line":89,"column":2},"end":{"line":91,"column":null}},"41":{"start":{"line":90,"column":4},"end":{"line":90,"column":null}},"42":{"start":{"line":92,"column":2},"end":{"line":92,"column":null}},"43":{"start":{"line":95,"column":2},"end":{"line":113,"column":null}},"44":{"start":{"line":96,"column":4},"end":{"line":96,"column":null}},"45":{"start":{"line":97,"column":4},"end":{"line":97,"column":null}},"46":{"start":{"line":98,"column":23},"end":{"line":101,"column":null}},"47":{"start":{"line":102,"column":4},"end":{"line":102,"column":null}},"48":{"start":{"line":103,"column":4},"end":{"line":103,"column":null}},"49":{"start":{"line":104,"column":4},"end":{"line":112,"column":null}},"50":{"start":{"line":105,"column":6},"end":{"line":105,"column":null}},"51":{"start":{"line":106,"column":6},"end":{"line":106,"column":null}},"52":{"start":{"line":107,"column":6},"end":{"line":110,"column":null}},"53":{"start":{"line":108,"column":22},"end":{"line":108,"column":null}},"54":{"start":{"line":109,"column":8},"end":{"line":109,"column":null}},"55":{"start":{"line":111,"column":6},"end":{"line":111,"column":null}},"56":{"start":{"line":116,"column":2},"end":{"line":116,"column":null}},"57":{"start":{"line":117,"column":2},"end":{"line":117,"column":null}},"58":{"start":{"line":118,"column":2},"end":{"line":118,"column":null}},"59":{"start":{"line":119,"column":2},"end":{"line":119,"column":null}},"60":{"start":{"line":121,"column":2},"end":{"line":121,"column":null}},"61":{"start":{"line":144,"column":26},"end":{"line":144,"column":null}},"62":{"start":{"line":146,"column":15},"end":{"line":146,"column":null}},"63":{"start":{"line":147,"column":14},"end":{"line":147,"column":null}},"64":{"start":{"line":148,"column":15},"end":{"line":148,"column":null}},"65":{"start":{"line":149,"column":2},"end":{"line":149,"column":null}},"66":{"start":{"line":150,"column":2},"end":{"line":150,"column":null}},"67":{"start":{"line":151,"column":2},"end":{"line":151,"column":null}},"68":{"start":{"line":152,"column":2},"end":{"line":152,"column":null}}},"fnMap":{"0":{"name":"generateIEEEMarkdown","decl":{"start":{"line":26,"column":16},"end":{"line":26,"column":null}},"loc":{"start":{"line":30,"column":10},"end":{"line":122,"column":null}},"line":30},"1":{"name":"(anonymous_1)","decl":{"start":{"line":59,"column":55},"end":{"line":59,"column":60}},"loc":{"start":{"line":59,"column":66},"end":{"line":59,"column":72}},"line":59},"2":{"name":"downloadIEEESynopsis","decl":{"start":{"line":139,"column":16},"end":{"line":139,"column":null}},"loc":{"start":{"line":143,"column":8},"end":{"line":153,"column":null}},"line":143}},"branchMap":{"0":{"loc":{"start":{"line":42,"column":31},"end":{"line":42,"column":57}},"type":"binary-expr","locations":[{"start":{"line":42,"column":31},"end":{"line":42,"column":46}},{"start":{"line":42,"column":46},"end":{"line":42,"column":57}}],"line":42},"1":{"loc":{"start":{"line":95,"column":2},"end":{"line":113,"column":null}},"type":"if","locations":[{"start":{"line":95,"column":2},"end":{"line":113,"column":null}},{"start":{},"end":{}}],"line":95},"2":{"loc":{"start":{"line":108,"column":22},"end":{"line":108,"column":null}},"type":"cond-expr","locations":[{"start":{"line":108,"column":56},"end":{"line":108,"column":62}},{"start":{"line":108,"column":62},"end":{"line":108,"column":null}}],"line":108}},"s":{"0":13,"1":13,"2":13,"3":13,"4":13,"5":13,"6":13,"7":13,"8":13,"9":13,"10":13,"11":13,"12":13,"13":13,"14":13,"15":13,"16":13,"17":13,"18":52,"19":13,"20":13,"21":13,"22":13,"23":13,"24":13,"25":13,"26":13,"27":13,"28":13,"29":52,"30":13,"31":13,"32":13,"33":13,"34":26,"35":26,"36":26,"37":26,"38":13,"39":13,"40":13,"41":13,"42":13,"43":13,"44":1,"45":1,"46":1,"47":1,"48":1,"49":1,"50":1,"51":1,"52":1,"53":2,"54":2,"55":1,"56":13,"57":13,"58":13,"59":13,"60":13,"61":0,"62":0,"63":0,"64":0,"65":0,"66":0,"67":0,"68":0},"f":{"0":13,"1":52,"2":0},"b":{"0":[13,1],"1":[1,12],"2":[1,1]},"meta":{"lastBranch":3,"lastFunction":3,"lastStatement":69,"seen":{"f:26:16:26:Infinity":0,"s:31:15:35:Infinity":0,"s:37:29:37:Infinity":1,"s:40:2:40:Infinity":2,"s:41:2:41:Infinity":3,"s:42:2:42:Infinity":4,"b:42:31:42:46:42:46:42:57":0,"s:43:2:43:Infinity":5,"s:44:2:44:Infinity":6,"s:45:2:45:Infinity":7,"s:46:2:46:Infinity":8,"s:47:2:47:Infinity":9,"s:48:2:48:Infinity":10,"s:49:2:49:Infinity":11,"s:50:2:50:Infinity":12,"s:53:2:53:Infinity":13,"s:54:2:54:Infinity":14,"s:55:2:55:Infinity":15,"s:56:2:56:Infinity":16,"s:59:2:59:Infinity":17,"f:59:55:59:60":1,"s:59:66:59:72":18,"s:60:2:60:Infinity":19,"s:61:2:61:Infinity":20,"s:62:2:62:Infinity":21,"s:65:2:65:Infinity":22,"s:66:2:66:Infinity":23,"s:67:2:67:Infinity":24,"s:68:2:68:Infinity":25,"s:69:2:69:Infinity":26,"s:70:2:70:Infinity":27,"s:71:2:73:Infinity":28,"s:72:4:72:Infinity":29,"s:74:2:74:Infinity":30,"s:77:2:77:Infinity":31,"s:78:2:78:Infinity":32,"s:79:2:84:Infinity":33,"s:80:4:80:Infinity":34,"s:81:4:81:Infinity":35,"s:82:4:82:Infinity":36,"s:83:4:83:Infinity":37,"s:87:2:87:Infinity":38,"s:88:2:88:Infinity":39,"s:89:2:91:Infinity":40,"s:90:4:90:Infinity":41,"s:92:2:92:Infinity":42,"b:95:2:113:Infinity:undefined:undefined:undefined:undefined":1,"s:95:2:113:Infinity":43,"s:96:4:96:Infinity":44,"s:97:4:97:Infinity":45,"s:98:23:101:Infinity":46,"s:102:4:102:Infinity":47,"s:103:4:103:Infinity":48,"s:104:4:112:Infinity":49,"s:105:6:105:Infinity":50,"s:106:6:106:Infinity":51,"s:107:6:110:Infinity":52,"s:108:22:108:Infinity":53,"b:108:56:108:62:108:62:108:Infinity":2,"s:109:8:109:Infinity":54,"s:111:6:111:Infinity":55,"s:116:2:116:Infinity":56,"s:117:2:117:Infinity":57,"s:118:2:118:Infinity":58,"s:119:2:119:Infinity":59,"s:121:2:121:Infinity":60,"f:139:16:139:Infinity":2,"s:144:26:144:Infinity":61,"s:146:15:146:Infinity":62,"s:147:14:147:Infinity":63,"s:148:15:148:Infinity":64,"s:149:2:149:Infinity":65,"s:150:2:150:Infinity":66,"s:151:2:151:Infinity":67,"s:152:2:152:Infinity":68},"fnNames":{}}}
,"C:\\Users\\ASUS\\.gemini\\antigravity-ide\\scratch\\project-prometheus\\src\\presentation\\design-system\\CyberAction.tsx": {"path":"C:\\Users\\ASUS\\.gemini\\antigravity-ide\\scratch\\project-prometheus\\src\\presentation\\design-system\\CyberAction.tsx","statementMap":{"0":{"start":{"line":44,"column":92},"end":{"line":110,"column":null}},"1":{"start":{"line":131,"column":36},"end":{"line":131,"column":null}},"2":{"start":{"line":133,"column":27},"end":{"line":133,"column":null}},"3":{"start":{"line":133,"column":45},"end":{"line":133,"column":65}},"4":{"start":{"line":134,"column":27},"end":{"line":134,"column":null}},"5":{"start":{"line":134,"column":45},"end":{"line":134,"column":66}},"6":{"start":{"line":136,"column":24},"end":{"line":136,"column":null}},"7":{"start":{"line":139,"column":4},"end":{"line":145,"column":null}},"8":{"start":{"line":147,"column":39},"end":{"line":165,"column":null}},"9":{"start":{"line":167,"column":2},"end":{"line":181,"column":null}}},"fnMap":{"0":{"name":"CyberAction","decl":{"start":{"line":120,"column":16},"end":{"line":120,"column":28}},"loc":{"start":{"line":130,"column":40},"end":{"line":183,"column":null}},"line":130},"1":{"name":"(anonymous_1)","decl":{"start":{"line":133,"column":27},"end":{"line":133,"column":45}},"loc":{"start":{"line":133,"column":45},"end":{"line":133,"column":65}},"line":133},"2":{"name":"(anonymous_2)","decl":{"start":{"line":134,"column":27},"end":{"line":134,"column":45}},"loc":{"start":{"line":134,"column":45},"end":{"line":134,"column":66}},"line":134}},"branchMap":{"0":{"loc":{"start":{"line":123,"column":2},"end":{"line":123,"column":null}},"type":"default-arg","locations":[{"start":{"line":123,"column":12},"end":{"line":123,"column":null}}],"line":123},"1":{"loc":{"start":{"line":124,"column":2},"end":{"line":124,"column":null}},"type":"default-arg","locations":[{"start":{"line":124,"column":13},"end":{"line":124,"column":null}}],"line":124},"2":{"loc":{"start":{"line":128,"column":2},"end":{"line":128,"column":null}},"type":"default-arg","locations":[{"start":{"line":128,"column":13},"end":{"line":128,"column":null}}],"line":128},"3":{"loc":{"start":{"line":129,"column":2},"end":{"line":129,"column":null}},"type":"default-arg","locations":[{"start":{"line":129,"column":9},"end":{"line":129,"column":null}}],"line":129},"4":{"loc":{"start":{"line":139,"column":4},"end":{"line":145,"column":null}},"type":"cond-expr","locations":[{"start":{"line":140,"column":8},"end":{"line":144,"column":null}},{"start":{"line":145,"column":8},"end":{"line":145,"column":null}}],"line":139},"5":{"loc":{"start":{"line":139,"column":4},"end":{"line":139,"column":null}},"type":"binary-expr","locations":[{"start":{"line":139,"column":4},"end":{"line":139,"column":16}},{"start":{"line":139,"column":16},"end":{"line":139,"column":null}}],"line":139},"6":{"loc":{"start":{"line":155,"column":12},"end":{"line":155,"column":null}},"type":"cond-expr","locations":[{"start":{"line":155,"column":23},"end":{"line":155,"column":39}},{"start":{"line":155,"column":39},"end":{"line":155,"column":null}}],"line":155},"7":{"loc":{"start":{"line":156,"column":13},"end":{"line":156,"column":null}},"type":"cond-expr","locations":[{"start":{"line":156,"column":24},"end":{"line":156,"column":30}},{"start":{"line":156,"column":30},"end":{"line":156,"column":null}}],"line":156},"8":{"loc":{"start":{"line":163,"column":8},"end":{"line":163,"column":null}},"type":"cond-expr","locations":[{"start":{"line":163,"column":33},"end":{"line":163,"column":55}},{"start":{"line":163,"column":55},"end":{"line":163,"column":null}}],"line":163},"9":{"loc":{"start":{"line":163,"column":8},"end":{"line":163,"column":33}},"type":"binary-expr","locations":[{"start":{"line":163,"column":8},"end":{"line":163,"column":21}},{"start":{"line":163,"column":21},"end":{"line":163,"column":33}}],"line":163},"10":{"loc":{"start":{"line":170,"column":15},"end":{"line":170,"column":null}},"type":"cond-expr","locations":[{"start":{"line":170,"column":26},"end":{"line":170,"column":38}},{"start":{"line":170,"column":38},"end":{"line":170,"column":null}}],"line":170},"11":{"loc":{"start":{"line":177,"column":20},"end":{"line":177,"column":null}},"type":"cond-expr","locations":[{"start":{"line":177,"column":41},"end":{"line":177,"column":52}},{"start":{"line":177,"column":52},"end":{"line":177,"column":null}}],"line":177}},"s":{"0":1,"1":6,"2":6,"3":0,"4":6,"5":0,"6":6,"7":6,"8":6,"9":6},"f":{"0":6,"1":0,"2":0},"b":{"0":[6],"1":[6],"2":[6],"3":[6],"4":[1,5],"5":[6,1],"6":[1,5],"7":[1,5],"8":[0,6],"9":[6,0],"10":[1,5],"11":[1,5]},"meta":{"lastBranch":12,"lastFunction":3,"lastStatement":10,"seen":{"s:44:92:110:Infinity":0,"f:120:16:120:28":0,"b:123:12:123:Infinity":0,"b:124:13:124:Infinity":1,"b:128:13:128:Infinity":2,"b:129:9:129:Infinity":3,"s:131:36:131:Infinity":1,"s:133:27:133:Infinity":2,"f:133:27:133:45":1,"s:133:45:133:65":3,"s:134:27:134:Infinity":4,"f:134:27:134:45":2,"s:134:45:134:66":5,"s:136:24:136:Infinity":6,"s:139:4:145:Infinity":7,"b:140:8:144:Infinity:145:8:145:Infinity":4,"b:139:4:139:16:139:16:139:Infinity":5,"s:147:39:165:Infinity":8,"b:155:23:155:39:155:39:155:Infinity":6,"b:156:24:156:30:156:30:156:Infinity":7,"b:163:33:163:55:163:55:163:Infinity":8,"b:163:8:163:21:163:21:163:33":9,"s:167:2:181:Infinity":9,"b:170:26:170:38:170:38:170:Infinity":10,"b:177:41:177:52:177:52:177:Infinity":11},"fnNames":{}}}
,"C:\\Users\\ASUS\\.gemini\\antigravity-ide\\scratch\\project-prometheus\\src\\presentation\\design-system\\MetricsBadge.tsx": {"path":"C:\\Users\\ASUS\\.gemini\\antigravity-ide\\scratch\\project-prometheus\\src\\presentation\\design-system\\MetricsBadge.tsx","statementMap":{"0":{"start":{"line":31,"column":51},"end":{"line":36,"column":null}},"1":{"start":{"line":46,"column":16},"end":{"line":46,"column":null}},"2":{"start":{"line":48,"column":40},"end":{"line":60,"column":null}},"3":{"start":{"line":62,"column":34},"end":{"line":69,"column":null}},"4":{"start":{"line":71,"column":36},"end":{"line":75,"column":null}},"5":{"start":{"line":77,"column":2},"end":{"line":82,"column":null}}},"fnMap":{"0":{"name":"MetricsBadge","decl":{"start":{"line":45,"column":16},"end":{"line":45,"column":29}},"loc":{"start":{"line":45,"column":93},"end":{"line":84,"column":null}},"line":45}},"branchMap":{"0":{"loc":{"start":{"line":68,"column":15},"end":{"line":68,"column":null}},"type":"cond-expr","locations":[{"start":{"line":68,"column":41},"end":{"line":68,"column":81}},{"start":{"line":68,"column":81},"end":{"line":68,"column":null}}],"line":68},"1":{"loc":{"start":{"line":68,"column":81},"end":{"line":68,"column":null}},"type":"cond-expr","locations":[{"start":{"line":68,"column":103},"end":{"line":68,"column":141}},{"start":{"line":68,"column":141},"end":{"line":68,"column":null}}],"line":68},"2":{"loc":{"start":{"line":78,"column":72},"end":{"line":78,"column":null}},"type":"binary-expr","locations":[{"start":{"line":78,"column":72},"end":{"line":78,"column":81}},{"start":{"line":78,"column":81},"end":{"line":78,"column":null}}],"line":78},"3":{"loc":{"start":{"line":81,"column":7},"end":{"line":81,"column":null}},"type":"binary-expr","locations":[{"start":{"line":81,"column":7},"end":{"line":81,"column":30}},{"start":{"line":81,"column":30},"end":{"line":81,"column":null}}],"line":81}},"s":{"0":1,"1":1,"2":1,"3":1,"4":1,"5":1},"f":{"0":1},"b":{"0":[0,1],"1":[1,0],"2":[1,0],"3":[1,1]},"meta":{"lastBranch":4,"lastFunction":1,"lastStatement":6,"seen":{"s:31:51:36:Infinity":0,"f:45:16:45:29":0,"s:46:16:46:Infinity":1,"s:48:40:60:Infinity":2,"s:62:34:69:Infinity":3,"b:68:41:68:81:68:81:68:Infinity":0,"b:68:103:68:141:68:141:68:Infinity":1,"s:71:36:75:Infinity":4,"s:77:2:82:Infinity":5,"b:78:72:78:81:78:81:78:Infinity":2,"b:81:7:81:30:81:30:81:Infinity":3},"fnNames":{}}}
,"C:\\Users\\ASUS\\.gemini\\antigravity-ide\\scratch\\project-prometheus\\src\\presentation\\design-system\\SurfaceCard.tsx": {"path":"C:\\Users\\ASUS\\.gemini\\antigravity-ide\\scratch\\project-prometheus\\src\\presentation\\design-system\\SurfaceCard.tsx","statementMap":{"0":{"start":{"line":42,"column":14},"end":{"line":42,"column":null}},"1":{"start":{"line":44,"column":35},"end":{"line":53,"column":null}},"2":{"start":{"line":55,"column":2},"end":{"line":62,"column":null}}},"fnMap":{"0":{"name":"SurfaceCard","decl":{"start":{"line":35,"column":16},"end":{"line":35,"column":28}},"loc":{"start":{"line":41,"column":40},"end":{"line":64,"column":null}},"line":41}},"branchMap":{"0":{"loc":{"start":{"line":37,"column":2},"end":{"line":37,"column":null}},"type":"default-arg","locations":[{"start":{"line":37,"column":14},"end":{"line":37,"column":null}}],"line":37},"1":{"loc":{"start":{"line":39,"column":2},"end":{"line":39,"column":null}},"type":"default-arg","locations":[{"start":{"line":39,"column":7},"end":{"line":39,"column":null}}],"line":39}},"s":{"0":2,"1":2,"2":2},"f":{"0":2},"b":{"0":[2],"1":[2]},"meta":{"lastBranch":2,"lastFunction":1,"lastStatement":3,"seen":{"f:35:16:35:28":0,"b:37:14:37:Infinity":0,"b:39:7:39:Infinity":1,"s:42:14:42:Infinity":0,"s:44:35:53:Infinity":1,"s:55:2:62:Infinity":2},"fnNames":{}}}
,"C:\\Users\\ASUS\\.gemini\\antigravity-ide\\scratch\\project-prometheus\\src\\presentation\\modules\\synthesis\\FeasibilityGauge.tsx": {"path":"C:\\Users\\ASUS\\.gemini\\antigravity-ide\\scratch\\project-prometheus\\src\\presentation\\modules\\synthesis\\FeasibilityGauge.tsx","statementMap":{"0":{"start":{"line":30,"column":2},"end":{"line":30,"column":null}},"1":{"start":{"line":30,"column":19},"end":{"line":30,"column":null}},"2":{"start":{"line":31,"column":2},"end":{"line":31,"column":null}},"3":{"start":{"line":31,"column":19},"end":{"line":31,"column":null}},"4":{"start":{"line":32,"column":2},"end":{"line":32,"column":null}},"5":{"start":{"line":32,"column":19},"end":{"line":32,"column":null}},"6":{"start":{"line":33,"column":2},"end":{"line":33,"column":null}},"7":{"start":{"line":48,"column":23},"end":{"line":48,"column":null}},"8":{"start":{"line":49,"column":42},"end":{"line":49,"column":null}},"9":{"start":{"line":49,"column":56},"end":{"line":49,"column":88}},"10":{"start":{"line":51,"column":22},"end":{"line":51,"column":null}},"11":{"start":{"line":52,"column":8},"end":{"line":52,"column":null}},"12":{"start":{"line":53,"column":24},"end":{"line":53,"column":null}},"13":{"start":{"line":54,"column":27},"end":{"line":54,"column":null}},"14":{"start":{"line":55,"column":17},"end":{"line":55,"column":null}},"15":{"start":{"line":57,"column":2},"end":{"line":137,"column":null}}},"fnMap":{"0":{"name":"getScoreCategory","decl":{"start":{"line":29,"column":9},"end":{"line":29,"column":26}},"loc":{"start":{"line":29,"column":75},"end":{"line":34,"column":null}},"line":29},"1":{"name":"FeasibilityGauge","decl":{"start":{"line":43,"column":16},"end":{"line":43,"column":33}},"loc":{"start":{"line":47,"column":45},"end":{"line":139,"column":null}},"line":47},"2":{"name":"(anonymous_2)","decl":{"start":{"line":49,"column":42},"end":{"line":49,"column":56}},"loc":{"start":{"line":49,"column":56},"end":{"line":49,"column":88}},"line":49}},"branchMap":{"0":{"loc":{"start":{"line":30,"column":2},"end":{"line":30,"column":null}},"type":"if","locations":[{"start":{"line":30,"column":2},"end":{"line":30,"column":null}},{"start":{},"end":{}}],"line":30},"1":{"loc":{"start":{"line":31,"column":2},"end":{"line":31,"column":null}},"type":"if","locations":[{"start":{"line":31,"column":2},"end":{"line":31,"column":null}},{"start":{},"end":{}}],"line":31},"2":{"loc":{"start":{"line":32,"column":2},"end":{"line":32,"column":null}},"type":"if","locations":[{"start":{"line":32,"column":2},"end":{"line":32,"column":null}},{"start":{},"end":{}}],"line":32},"3":{"loc":{"start":{"line":45,"column":2},"end":{"line":45,"column":null}},"type":"default-arg","locations":[{"start":{"line":45,"column":9},"end":{"line":45,"column":null}}],"line":45},"4":{"loc":{"start":{"line":46,"column":2},"end":{"line":46,"column":null}},"type":"default-arg","locations":[{"start":{"line":46,"column":10},"end":{"line":46,"column":null}}],"line":46}},"s":{"0":2,"1":1,"2":1,"3":1,"4":0,"5":0,"6":0,"7":2,"8":2,"9":2,"10":2,"11":2,"12":2,"13":2,"14":2,"15":2},"f":{"0":2,"1":2,"2":2},"b":{"0":[1,1],"1":[1,0],"2":[0,0],"3":[2],"4":[2]},"meta":{"lastBranch":5,"lastFunction":3,"lastStatement":16,"seen":{"f:29:9:29:26":0,"b:30:2:30:Infinity:undefined:undefined:undefined:undefined":0,"s:30:2:30:Infinity":0,"s:30:19:30:Infinity":1,"b:31:2:31:Infinity:undefined:undefined:undefined:undefined":1,"s:31:2:31:Infinity":2,"s:31:19:31:Infinity":3,"b:32:2:32:Infinity:undefined:undefined:undefined:undefined":2,"s:32:2:32:Infinity":4,"s:32:19:32:Infinity":5,"s:33:2:33:Infinity":6,"f:43:16:43:33":1,"b:45:9:45:Infinity":3,"b:46:10:46:Infinity":4,"s:48:23:48:Infinity":7,"s:49:42:49:Infinity":8,"f:49:42:49:56":2,"s:49:56:49:88":9,"s:51:22:51:Infinity":10,"s:52:8:52:Infinity":11,"s:53:24:53:Infinity":12,"s:54:27:54:Infinity":13,"s:55:17:55:Infinity":14,"s:57:2:137:Infinity":15},"fnNames":{}}}
}
